<?xml version="1.0" encoding="UTF-8"?>
<!-- Generated by org.testng.reporters.JUnitReportReporter -->
<testsuite hostname="HAIDAR" failures="0" tests="3" name="com.api.tests.LoginAPITest" time="3.656" errors="0" timestamp="2025-01-12T15:29:25 IST" skipped="2">
  <testcase classname="com.api.tests.LoginAPITest" name="loginTest" time="3.050">
    <skipped/>
  </testcase> <!-- loginTest -->
  <testcase classname="com.api.tests.LoginAPITest" name="loginTest" time="0.283">
    <skipped/>
  </testcase> <!-- loginTest -->
  <testcase classname="com.api.tests.LoginAPITest" name="loginTest" time="0.323"/>
</testsuite> <!-- com.api.tests.LoginAPITest -->
