<?xml version="1.0" encoding="UTF-8"?>
<!-- Generated by org.testng.reporters.JUnitReportReporter -->
<testsuite hostname="HAIDAR" failures="0" tests="1" name="com.api.tests.LoginAPITest" time="3.274" errors="0" timestamp="2025-01-11T19:31:34 IST" skipped="0">
  <testcase classname="com.api.tests.LoginAPITest" name="loginTest" time="3.274"/>
</testsuite> <!-- com.api.tests.LoginAPITest -->
